<?xml version="1.0" encoding="UTF-8"?>
<testsuite name="TestSuite" time="2.066" tests="8" errors="0" skipped="0" failures="3">
  <properties>
    <property name="idea.version" value="2017.3"/>
    <property name="java.runtime.name" value="Java(TM) SE Runtime Environment"/>
    <property name="java.vm.version" value="9.0.1+11"/>
    <property name="sun.boot.library.path" value="C:\Program Files\Java\jdk-9.0.1\bin"/>
    <property name="user.country.format" value="GB"/>
    <property name="maven.multiModuleProjectDirectory" value="C:\Users\Bryozoa\IdeaProjects\TinkoffTest"/>
    <property name="java.vm.vendor" value="Oracle Corporation"/>
    <property name="java.vendor.url" value="http://java.oracle.com/"/>
    <property name="guice.disable.misplaced.annotation.check" value="true"/>
    <property name="path.separator" value=";"/>
    <property name="java.vm.name" value="Java HotSpot(TM) 64-Bit Server VM"/>
    <property name="file.encoding.pkg" value="sun.io"/>
    <property name="sun.os.patch.level" value="Service Pack 1"/>
    <property name="user.script" value=""/>
    <property name="user.country" value="RU"/>
    <property name="sun.java.launcher" value="SUN_STANDARD"/>
    <property name="java.vm.specification.name" value="Java Virtual Machine Specification"/>
    <property name="user.dir" value="C:\Users\Bryozoa\IdeaProjects\TinkoffTest"/>
    <property name="java.vm.compressedOopsMode" value="32-bit"/>
    <property name="java.runtime.version" value="9.0.1+11"/>
    <property name="java.awt.graphicsenv" value="sun.awt.Win32GraphicsEnvironment"/>
    <property name="os.arch" value="amd64"/>
    <property name="idea.modules.paths.file" value="C:\Users\Bryozoa\.IdeaIC2017.3\system\Maven\idea-projects-state-d97773d3.properties"/>
    <property name="java.io.tmpdir" value="C:\Users\Bryozoa\AppData\Local\Temp\"/>
    <property name="line.separator" value="&#10;"/>
    <property name="java.vm.specification.vendor" value="Oracle Corporation"/>
    <property name="user.variant" value=""/>
    <property name="os.name" value="Windows 7"/>
    <property name="classworlds.conf" value="C:\Users\Bryozoa\AppData\Local\Temp\idea-24-mvn.conf"/>
    <property name="sun.jnu.encoding" value="Cp1251"/>
    <property name="java.library.path" value="C:\Program Files\Java\jdk-9.0.1\bin;C:\Windows\Sun\Java\bin;C:\Windows\system32;C:\Windows;C:\ProgramData\Oracle\Java\javapath;C:\Program Files\Common Files\Microsoft Shared\Windows Live;C:\Program Files (x86)\Common Files\Microsoft Shared\Windows Live;C:\Program Files (x86)\AMD APP\bin\x86_64;C:\Program Files (x86)\AMD APP\bin\x86;C:\Windows\system32;C:\Windows;C:\Windows\System32\Wbem;C:\Windows\System32\WindowsPowerShell\v1.0\;C:\Program Files (x86)\ATI Technologies\ATI.ACE\Core-Static;C:\Program Files (x86)\Windows Live\Shared;C:\Program Files (x86)\Common Files\Acronis\SnapAPI\;C:\Program Files (x86)\Skype\Phone\;H:\Soft\Python;H:\Soft\Python\Scripts;."/>
    <property name="jdk.debug" value="release"/>
    <property name="java.class.version" value="53.0"/>
    <property name="java.specification.name" value="Java Platform API Specification"/>
    <property name="sun.management.compiler" value="HotSpot 64-Bit Tiered Compilers"/>
    <property name="os.version" value="6.1"/>
    <property name="user.home" value="C:\Users\Bryozoa"/>
    <property name="user.timezone" value="Europe/Moscow"/>
    <property name="java.awt.printerjob" value="sun.awt.windows.WPrinterJob"/>
    <property name="file.encoding" value="UTF-8"/>
    <property name="java.specification.version" value="9"/>
    <property name="user.name" value="Bryozoa"/>
    <property name="java.class.path" value="C:\Program Files\JetBrains\IntelliJ IDEA Community Edition 2017.3\plugins\maven\lib\maven3\boot\plexus-classworlds-2.5.2.jar"/>
    <property name="java.vm.specification.version" value="9"/>
    <property name="sun.arch.data.model" value="64"/>
    <property name="sun.java.command" value="org.codehaus.classworlds.Launcher -Didea.version=2017.3 test"/>
    <property name="java.home" value="C:\Program Files\Java\jdk-9.0.1"/>
    <property name="user.language" value="ru"/>
    <property name="java.specification.vendor" value="Oracle Corporation"/>
    <property name="user.language.format" value="en"/>
    <property name="awt.toolkit" value="sun.awt.windows.WToolkit"/>
    <property name="java.vm.info" value="mixed mode"/>
    <property name="java.version" value="9.0.1"/>
    <property name="java.vendor" value="Oracle Corporation"/>
    <property name="maven.home" value="C:\Program Files\JetBrains\IntelliJ IDEA Community Edition 2017.3\plugins\maven\lib\maven3"/>
    <property name="file.separator" value="\"/>
    <property name="java.vendor.url.bug" value="http://bugreport.java.com/bugreport/"/>
    <property name="sun.io.unicode.encoding" value="UnicodeLittle"/>
    <property name="sun.cpu.endian" value="little"/>
    <property name="sun.desktop" value="windows"/>
    <property name="sun.cpu.isalist" value="amd64"/>
  </properties>
  <testcase name="testGetDefaultBodyResponse" classname="Httpbin.HttpBinHeadersTest" time="0.394"/>
  <testcase name="testGetHeaders" classname="Httpbin.HttpBinHeadersTest" time="0.138"/>
  <testcase name="testGetInvalidUrl" classname="Httpbin.HttpBinHeadersTest" time="0.138"/>
  <testcase name="testErrorsMethod" classname="Httpbin.HttpBinStatusCodeTest" time="0.557"/>
  <testcase name="testOkMethod" classname="Httpbin.HttpBinStatusCodeTest" time="0.139"/>
  <testcase name="testResponseHeadersDefault" classname="Httpbin.HttpBinRedirectTest" time="0.161">
    <failure message="[Response code] expected:&#10;&lt;200&gt;&#10; but was:&#10;&lt;404&gt;" type="java.lang.AssertionError"><![CDATA[java.lang.AssertionError: [Response code] expected:
<200>
 but was:
<404>
	at Httpbin.HttpBinRedirectTest.testResponseHeadersDefault(HttpBinRedirectTest.java:47)
]]></failure>
    <system-err><![CDATA[[main] INFO HttpBinRedirectTest - Test: testResponseHeadersDefault
]]></system-err>
  </testcase>
  <testcase name="testResponseHeadersInParameters1" classname="Httpbin.HttpBinRedirectTest" time="0.273">
    <failure message="[Response code] expected:&#10;&lt;200&gt;&#10; but was:&#10;&lt;404&gt;" type="java.lang.AssertionError"><![CDATA[java.lang.AssertionError: [Response code] expected:
<200>
 but was:
<404>
	at Httpbin.HttpBinRedirectTest.testResponseHeadersInParameters1(HttpBinRedirectTest.java:83)
]]></failure>
    <system-err><![CDATA[[main] INFO HttpBinRedirectTest - Test: testResponseHeadersInParameters1
]]></system-err>
  </testcase>
  <testcase name="testResponseHeadersInvalidMethod" classname="Httpbin.HttpBinRedirectTest" time="0.266">
    <failure message="[Response code] expected:&#10;&lt;200&gt;&#10; but was:&#10;&lt;404&gt;" type="java.lang.AssertionError"><![CDATA[java.lang.AssertionError: [Response code] expected:
<200>
 but was:
<404>
	at Httpbin.HttpBinRedirectTest.testResponseHeadersInvalidMethod(HttpBinRedirectTest.java:114)
]]></failure>
    <system-err><![CDATA[[main] INFO HttpBinRedirectTest - Test: testGetInvalidMethod
]]></system-err>
  </testcase>
</testsuite>