<?xml version="1.0" encoding="UTF-8"?>
<!-- Generated by org.testng.reporters.JUnitReportReporter -->
<testsuite hostname="Няша" failures="0" tests="2" name="Httpbin.HttpBinStatusCodeTest" time="0.695" errors="0" timestamp="17 Dec 2017 14:52:37 GMT">
  <testcase classname="Httpbin.HttpBinStatusCodeTest" name="testOkMethod" time="0.139"/>
  <testcase classname="Httpbin.HttpBinStatusCodeTest" name="testErrorsMethod" time="0.556"/>
</testsuite> <!-- Httpbin.HttpBinStatusCodeTest -->
