<?xml version="1.0" encoding="UTF-8"?>
<!-- Generated by org.testng.reporters.JUnitReportReporter -->
<testsuite hostname="Няша" failures="0" tests="3" name="Httpbin.HttpBinRedirectTest" time="3.244" errors="0" timestamp="18 Dec 2017 07:54:54 GMT">
  <testcase classname="Httpbin.HttpBinRedirectTest" name="testResponseRedirect" time="0.138"/>
  <testcase classname="Httpbin.HttpBinRedirectTest" name="testInvalidMethod" time="0.138"/>
  <testcase classname="Httpbin.HttpBinRedirectTest" name="testRedirectInParameters" time="2.968"/>
</testsuite> <!-- Httpbin.HttpBinRedirectTest -->
