<?xml version="1.0" encoding="UTF-8"?>
<!-- Generated by org.testng.reporters.JUnitReportReporter -->
<testsuite hostname="Няша" failures="0" tests="3" name="Httpbin.HttpBinHeadersTest" time="0.661" errors="0" timestamp="18 Dec 2017 07:54:54 GMT">
  <testcase classname="Httpbin.HttpBinHeadersTest" name="testGetHeaders" time="0.138"/>
  <testcase classname="Httpbin.HttpBinHeadersTest" name="testGetDefaultBodyResponse" time="0.387"/>
  <testcase classname="Httpbin.HttpBinHeadersTest" name="testGetInvalidUrl" time="0.136"/>
</testsuite> <!-- Httpbin.HttpBinHeadersTest -->
