<?xml version="1.0" encoding="UTF-8"?>
<!-- Generated by org.testng.reporters.JUnitReportReporter -->
<testsuite hostname="Няша" failures="0" tests="3" name="Httpbin.HttpBinHeadersTest" time="0.668" errors="0" timestamp="17 Dec 2017 14:52:37 GMT">
  <testcase classname="Httpbin.HttpBinHeadersTest" name="testGetDefaultBodyResponse" time="0.392"/>
  <testcase classname="Httpbin.HttpBinHeadersTest" name="testGetInvalidUrl" time="0.137"/>
  <testcase classname="Httpbin.HttpBinHeadersTest" name="testGetHeaders" time="0.139"/>
</testsuite> <!-- Httpbin.HttpBinHeadersTest -->
