<?xml version="1.0" encoding="UTF-8"?>
<!-- Generated by org.testng.reporters.JUnitReportReporter -->
<testsuite hostname="Няша" failures="0" tests="2" name="Httpbin.HttpBinStatusCodeTest" time="0.693" errors="0" timestamp="18 Dec 2017 07:54:54 GMT">
  <testcase classname="Httpbin.HttpBinStatusCodeTest" name="testOkMethod" time="0.143"/>
  <testcase classname="Httpbin.HttpBinStatusCodeTest" name="testErrorsMethod" time="0.550"/>
</testsuite> <!-- Httpbin.HttpBinStatusCodeTest -->
